[2025-10-16T13:28:23.749] [INFO] default - 文件夹同步 star
[2025-10-16T13:28:23.749] [INFO] default - 同步参数:localDir:D:\wwwroot\118-scrww\d\file-platformType:qiniu-mergeType:1
[2025-10-16T13:28:23.749] [INFO] default - cloud ----> local
[2025-10-16T13:28:23.751] [INFO] default - FsfG2u1LbAUDSXU6sk5ce22CEi3k--FiUYxwfkdxp6S0Gv4-MongYc2bOs
[2025-10-16T13:28:23.752] [INFO] default - [下载]:云文件变更,更新本地文件 017489e445928159b9205f48102661ae.jpg
[2025-10-16T13:28:23.754] [INFO] default - FnYbiB0llXgTrTqL4G8N4lxSaJCA--Fi2hllS13eZhmVGAAMxv2Hn6DZSE
[2025-10-16T13:28:23.754] [INFO] default - [下载]:云文件变更,更新本地文件 01d6d36b2f51f40fda6b78a99d60a4bf.jpg
[2025-10-16T13:28:23.755] [INFO] default - FkDPuhjElQyUMn6Qp_C18ISP_iPx--Fq-wbnheqGbBsiz5VI_v_a5qZ6GB
[2025-10-16T13:28:23.755] [INFO] default - [下载]:云文件变更,更新本地文件 03767798273d9f5cb72e387981c00e0f.jpg
[2025-10-16T13:28:23.756] [INFO] default - FgSy-F4C4T3BJuqZgqR5Q_wsVvAs--FoOxUCpo7rZl4HzezWa2lRBHGEsv
[2025-10-16T13:28:23.757] [INFO] default - [下载]:云文件变更,更新本地文件 0398038f3190b32abaa99f90c2435336.jpg
[2025-10-16T13:28:23.758] [INFO] default - FhapkZ1SJsxwkGF6g_G9I5kTvo4o--Fr3K1kqiRZMK4sYv9oUlGAQDl2KR
[2025-10-16T13:28:23.758] [INFO] default - [下载]:云文件变更,更新本地文件 03af7235fa27df6fd97aa5e016f90c04.jpg
[2025-10-16T13:28:23.759] [INFO] default - FuVdrjlSxsCXnpvX1lE0-EbNhzJ8--FgKT6suP-OqAz_s6AR7iWSfCo6rI
[2025-10-16T13:28:23.760] [INFO] default - [下载]:云文件变更,更新本地文件 05726e4eebf2b5cad70cd3efbc687724.jpg
[2025-10-16T13:28:23.761] [INFO] default - Fi-rm5HTdKiSJSkHR67k0vw0hZLM--FqTtcCIuvnrPpx4hcDUwRK04Ab6C
[2025-10-16T13:28:23.761] [INFO] default - [下载]:云文件变更,更新本地文件 05f99542dce5f79a34d1ccd32922292e.jpg
[2025-10-16T13:28:23.762] [INFO] default - FsPzK2S2bmdxvERCv8N8iBmMELUh--FsgP1RpI2FpzEpIOmzp7ZyQgrKZ0
[2025-10-16T13:28:23.762] [INFO] default - [下载]:云文件变更,更新本地文件 06b572dc55c7d5e60e0db6ba2f89e030.jpg
[2025-10-16T13:28:23.763] [INFO] default - FrgL1uXI2eFeHFqCVWxczbZ4s-HF--Fi7cP-8yqhPtjnCxHxOkc2wgDzR0
[2025-10-16T13:28:23.763] [INFO] default - [下载]:云文件变更,更新本地文件 06ec886e18d9ff20cfa7ae68de90cd29.jpg
[2025-10-16T13:28:23.764] [INFO] default - FqXh-omXRYJmCGbq7GkTIJON1Z_X--FktCN5SyFGS3HyA_ojnQFgTvEmey
[2025-10-16T13:28:23.764] [INFO] default - [下载]:云文件变更,更新本地文件 08c4d13775cbbdf66ba3be80b0c3d84e.jpg
[2025-10-16T13:28:23.764] [INFO] default - Fn9-UNWvlEb5z3eWu4oLvVmW6I7W--FhVaGDO8tgNXXTI3UtiaFZ6ACCTH
[2025-10-16T13:28:23.765] [INFO] default - [下载]:云文件变更,更新本地文件 097ad9ddb36f62ab37dd36c3b9a67954.jpg
[2025-10-16T13:28:23.766] [INFO] default - Fly4WIXRkLBOidwOvON9R8ydkcdX--FkVcKGeFm09jzzxa944j2dwRdKNJ
[2025-10-16T13:28:23.766] [INFO] default - [下载]:云文件变更,更新本地文件 0a8654893a289b862aba89958403ba0b.jpg
[2025-10-16T13:28:23.767] [INFO] default - Fnrki3mK6GE7v_OLwr7VUmeVJWrd--FgFVLK6mS3EoPluGLyKp8FPDgrpY
[2025-10-16T13:28:23.767] [INFO] default - [下载]:云文件变更,更新本地文件 0bb7f06bb1361d46b73bb9aff271c2df.png
[2025-10-16T13:28:23.768] [INFO] default - FgZl1TqjMEiJ9iR7R-cy01to-r-W--FpkGsGrGgOCsGjnn-kMc2GdB68D2
[2025-10-16T13:28:23.768] [INFO] default - [下载]:云文件变更,更新本地文件 0ca9f1bcbd3f23cab1c27dca2fee2c2f.jpg
[2025-10-16T13:28:23.769] [INFO] default - FrXQnqwhnA6_twpcZnle6x5sVk9k--FvVQq_jYoV_dSd7JtbfPVm5dvRdT
[2025-10-16T13:28:23.769] [INFO] default - [下载]:云文件变更,更新本地文件 0cb2baed7dd153f1e87a1b1740f8bf02.jpg
[2025-10-16T13:28:23.770] [INFO] default - FhKQhHC1yB9ZBnf-QtLrGIvjswdQ--FoQJnOFeix_cc9JxNuB969GxOL8A
[2025-10-16T13:28:23.770] [INFO] default - [下载]:云文件变更,更新本地文件 0cc8a3a4d4376a12ff514cbc11b9fd9e.png
[2025-10-16T13:28:23.771] [INFO] default - FqBRAgv3QGEnmRT-bgaYgCHLPY3T--FqjP146x83i8tigrhQlSLgtVB7mJ
[2025-10-16T13:28:23.771] [INFO] default - [下载]:云文件变更,更新本地文件 0e46033b93d5c81f0b168cefc735eb1c.jpg
[2025-10-16T13:28:23.772] [INFO] default - FlBknAmfaGxCCcHmsxB627asRuBz--FkMJtJ2ao8B3g60uNT3l6OD5t7xT
[2025-10-16T13:28:23.772] [INFO] default - [下载]:云文件变更,更新本地文件 0f5a35e0be353590408dc680f4a5c8ca.jpg
[2025-10-16T13:28:23.773] [INFO] default - FoT4Yv5sa36gID4TvjoypvfXyjja--FiJOGbe2ER7GCXYSCGTNj8n4xtSI
[2025-10-16T13:28:23.773] [INFO] default - [下载]:云文件变更,更新本地文件 13d4b5b10b05b35d72fee38c32b2b5e4.jpg
[2025-10-16T13:28:23.774] [INFO] default - FuNCgdEtxdYfz3ej6lYldFlGNATG--FrH_am71oJNW668c8llP2Wsra24d
[2025-10-16T13:28:23.774] [INFO] default - [下载]:云文件变更,更新本地文件 1451a95b3551dd72846105d742e31513.png
[2025-10-16T13:28:23.775] [INFO] default - Fg6WCLjZWKoWyfTOpLXbJYTw5hIa--FjI62GgVreZFGJACyopb0P2sX7Pe
[2025-10-16T13:28:23.775] [INFO] default - [下载]:云文件变更,更新本地文件 14eba0d86f9852442a96c8699339ac81.jpg
[2025-10-16T13:28:23.776] [INFO] default - Fh_NpCiakdEx_GquKIouwbN5A8L5--FiOW8u_M6jVdXY7Xp3n_cOVaJMs9
[2025-10-16T13:28:23.776] [INFO] default - [下载]:云文件变更,更新本地文件 15addb652e7c5d8eaef9ac2263fd0797.png
[2025-10-16T13:28:23.777] [INFO] default - FijsYrnsKbUU6KqTIpItoChyHv3Q--FtEW7LMPdOaJhQc19tnwNRatwUiC
[2025-10-16T13:28:23.777] [INFO] default - [下载]:云文件变更,更新本地文件 161cc8fd33a8e92318f3dfe5ce366699.jpg
[2025-10-16T13:28:23.779] [INFO] default - Foeazymvk8oI_R53ybhsD_dH3rla--Fk31bzo6bK1sFwm--QLd3O4sdfEK
[2025-10-16T13:28:23.779] [INFO] default - [下载]:云文件变更,更新本地文件 1b096b9a26c273bf4f4cba3b7813f303.jpg
[2025-10-16T13:28:23.780] [INFO] default - Fg83-pB9l7XTpJseiELDcXRdD4hG--Fmxz9Ua4z7_XDWsV21ZhUJrAtEaK
[2025-10-16T13:28:23.780] [INFO] default - [下载]:云文件变更,更新本地文件 1c0fa60f7a11b07317ee14396c793880.jpg
[2025-10-16T13:28:23.781] [INFO] default - Fq-q6hwvcIQqK87FOUZ_6wwZcvXE--FuLahjAMR7EG7Xewyy69W6_buJdd
[2025-10-16T13:28:23.781] [INFO] default - [下载]:云文件变更,更新本地文件 1ccea78d41eec3cb54e51540736954e7.jpg
[2025-10-16T13:28:23.782] [INFO] default - FllMQV_KXskoghqqEjLtL2ZYTh1I--Fq55fMq7xagBwHPUypGRSsUEDz6G
[2025-10-16T13:28:23.782] [INFO] default - [下载]:云文件变更,更新本地文件 1e207364da0603c2c1e4ba17b8e7b122.jpg
[2025-10-16T13:28:23.783] [INFO] default - Fq1vbeDVDOhHw8KFRW_NmJ3cJyFD--FknYXiFmjliytO3aulYiugyMHM4r
[2025-10-16T13:28:23.784] [INFO] default - [下载]:云文件变更,更新本地文件 20d199a51e08151b6d841d4e623252bd.jpg
[2025-10-16T13:28:23.785] [INFO] default - Fh0rkbGildHLmXsol0eZMw3tVHjg--Fq55fMq7xagBwHPUypGRSsUEDz6G
[2025-10-16T13:28:23.785] [INFO] default - [下载]:云文件变更,更新本地文件 20fdab66b70676c3ddd5d70688728d83.jpg
[2025-10-16T13:28:23.786] [INFO] default - Fm1lqiD4QK5a-QdV-iqfybP1XYj3--FkM-3P4cgGNH7kw0eGXVPbRTx6kw
[2025-10-16T13:28:23.786] [INFO] default - [下载]:云文件变更,更新本地文件 222cfbc13837352b729da131c2e3a519.jpg
[2025-10-16T13:28:23.787] [INFO] default - Foc_WroW9eRdLWtWrBqN2DrE5FbX--FiuJHbvT6CgV1ALVQX9Nechg46I2
[2025-10-16T13:28:23.787] [INFO] default - [下载]:云文件变更,更新本地文件 23702d8998188d9a3224038e41bb7501.jpg
[2025-10-16T13:28:23.788] [INFO] default - Fn0XTZPDGvyWwLB6gSMBOO5_xI6D--FmQOy38X8P_Nv11O00JZ5p79fIqC
[2025-10-16T13:28:23.788] [INFO] default - [下载]:云文件变更,更新本地文件 238f9a3690d847a6dab04c18e332b60a.jpg
[2025-10-16T13:28:23.789] [INFO] default - FitxFWIc6jSm33by3kJ5wiaz2AHL--FvPM7rlI2oKLWYbuopQcRt_Bfy3Q
[2025-10-16T13:28:23.790] [INFO] default - [下载]:云文件变更,更新本地文件 23c29c14e3fd9b89bdac8b831474abfd.jpg
[2025-10-16T13:28:23.791] [INFO] default - Fpf6YwWlgbeott7nZA1m0bYNhef0--FlL-4OeQHcS0J9vwUsAMx9WGYB2y
[2025-10-16T13:28:23.791] [INFO] default - [下载]:云文件变更,更新本地文件 240d9a0804006eca81cf3aff5f8ec9d3.jpg
[2025-10-16T13:28:23.792] [INFO] default - FqAXq5953AMf_hx14DiBPs_tGaKZ--FrqEUDBXuzeeFx1gHEBQoIimy0L0
[2025-10-16T13:28:23.792] [INFO] default - [下载]:云文件变更,更新本地文件 24fe03e31d11187dc061c68bc73cf63d.jpg
[2025-10-16T13:28:23.793] [INFO] default - FoX1ZloXk-N5bGA1TBXjxF350lLx--FosPEFLbdE1Wi5RkXHdUk7ZImVnx
[2025-10-16T13:28:23.793] [INFO] default - [下载]:云文件变更,更新本地文件 25dac692901a6373b8254438f990a342.jpg
[2025-10-16T13:28:23.794] [INFO] default - [不处理] 266654b062dc10223846994cb15192a8.jpeg
[2025-10-16T13:28:23.795] [INFO] default - FgMja2VwKuIHY0vhnTrjgQ1bXyTO--FnVdxA8xEnD0XkAOzEqYhczrnEgM
[2025-10-16T13:28:23.795] [INFO] default - [下载]:云文件变更,更新本地文件 29ca0f1d5aaa917f8f691ba7f11058ce.jpg
[2025-10-16T13:28:23.796] [INFO] default - FnQ3taeiB3qbBUp9mvuCD-sSAfq2--Fow_j3_OydyJW5KuJNXa0gH6DSSo
[2025-10-16T13:28:23.796] [INFO] default - [下载]:云文件变更,更新本地文件 29ddb3aca49e3391e10ca326feacea78.jpg
[2025-10-16T13:28:23.797] [INFO] default - FkUOC458P8zCOVZN7hLikvLYSV56--Fp7TShdycrb3pFkDA3uK491ezuAu
[2025-10-16T13:28:23.797] [INFO] default - [下载]:云文件变更,更新本地文件 2a132a60f648662a3aa9bc1bf8456b1b.jpg
[2025-10-16T13:28:23.798] [INFO] default - FrpZ6yTevlK5FnIaSeWeZwJg-RiL--Fo9D7uKBJPpWp7F7B_UC7Y49e0l6
[2025-10-16T13:28:23.798] [INFO] default - [下载]:云文件变更,更新本地文件 2b28a18faf487f4110922ef8f267ce4d.jpg
[2025-10-16T13:28:23.799] [INFO] default - FgremwdOPDSWghkjkUv0ilP3mEpS--Ft7my0g5H-WgWDDlKrgCsNFi0Hhl
[2025-10-16T13:28:23.799] [INFO] default - [下载]:云文件变更,更新本地文件 2b98058835b6bbc691a832b8bd5a7ae8.jpg
[2025-10-16T13:28:23.801] [INFO] default - FtKLtEdLRvaJnHZH855ubmja1ZrS--FnO174ErmUs9hfnzf4KGXWtkzhBx
[2025-10-16T13:28:23.801] [INFO] default - [下载]:云文件变更,更新本地文件 2bda24d788b213d0773db7a0ecb6824b.jpg
[2025-10-16T13:28:23.802] [INFO] default - FjqVBTAuBHOq_ZKgO6Ssnl1ZTgrX--FjUL8_nR8jIA0QCMPjEcLYA74HxW
[2025-10-16T13:28:23.802] [INFO] default - [下载]:云文件变更,更新本地文件 2ca7df963e380682aea78badb8d50a04.jpg
[2025-10-16T13:28:23.803] [INFO] default - Fj5kxs4VCqPKISnH0_4QeV6O1GDz--FofI3CL2tvCydDTVPmAzm7uGrjzE
[2025-10-16T13:28:23.803] [INFO] default - [下载]:云文件变更,更新本地文件 2e3792e517e17cd14e6faa8281c3e639.jpg
[2025-10-16T13:28:23.805] [INFO] default - Fhs4roVdjJzmyP_S_SM9Kci0anMV--FrH_am71oJNW668c8llP2Wsra24d
[2025-10-16T13:28:23.805] [INFO] default - [下载]:云文件变更,更新本地文件 2f37740fa95291e9fb7dc4d83b6fa375.png
[2025-10-16T13:28:23.806] [INFO] default - Fjzr1vKQROLJ-ne1FNm2Mb0nkJUv--Fnxw7fdR9iMX9NaWFlkbzZTV9zl3
[2025-10-16T13:28:23.806] [INFO] default - [下载]:云文件变更,更新本地文件 2f84d6488507c07aef6681e29680e7f6.jpg
[2025-10-16T13:28:23.807] [INFO] default - FnPeNA_FdKyQWXGTCxmQeZYfsUCv--FtZkyvez0fQ3gOJUr1x_0zaMjQxe
[2025-10-16T13:28:23.807] [INFO] default - [下载]:云文件变更,更新本地文件 2f8a8ee09dd28841e53af4cdc043ec59.jpg
[2025-10-16T13:28:23.808] [INFO] default - FmmYDmjxy9g_IPQJYZo46_TtCIIL--Fmtyd5nReoJgPhdupiAjOKOV9vWT
[2025-10-16T13:28:23.808] [INFO] default - [下载]:云文件变更,更新本地文件 2fc9cd1803a8c6aaaf68b641bb9468d9.jpg
[2025-10-16T13:28:23.809] [INFO] default - FjfCBQ_HMEzkK3F9mb9hhIaJlEJ_--Fsu6IgTMLbjEpOgRowM2Aqj6Lu8n
[2025-10-16T13:28:23.809] [INFO] default - [下载]:云文件变更,更新本地文件 2fe71b90bd36c0fc750bce3f645039c1.jpg
[2025-10-16T13:28:23.810] [INFO] default - FkLfJ2IFMXMJMYAGmHDJoWJDBOqD--FuqT3JvW9wHIerbG-z1IFcCDOsoG
[2025-10-16T13:28:23.810] [INFO] default - [下载]:云文件变更,更新本地文件 31790788682b502e9fcf1464020f4d39.jpg
[2025-10-16T13:28:23.812] [INFO] default - FhRzbEuvlPb8reTgm95X1pChH3MT--FiI-AJc85kSovfI9gdMkGb-LLJqV
[2025-10-16T13:28:23.812] [INFO] default - [下载]:云文件变更,更新本地文件 32335127685e8a585313f348b719503e.jpg
[2025-10-16T13:28:23.813] [INFO] default - FtPRbUTP5FXFDtkmcfODKmnWAY_6--FrWTb9LnSaDQ7KEpTOYBpGLxxg-2
[2025-10-16T13:28:23.813] [INFO] default - [下载]:云文件变更,更新本地文件 33d8a94ced2853057be565561bfd5df5.png
[2025-10-16T13:28:23.814] [INFO] default - FvDWab6sU62AX5NbzmR-Zb6Vy4MN--FmcSc9-z9UVdJs_01xY1h5iyjxQG
[2025-10-16T13:28:23.815] [INFO] default - [下载]:云文件变更,更新本地文件 3801fcfeef6ad3c60e4f387a66fa7107.jpg
[2025-10-16T13:28:23.817] [INFO] default - FrpQwFb62NeYL1pKOEGYr22662_q--FubTruvRPLeklSoI50RFkvBZiQYi
[2025-10-16T13:28:23.817] [INFO] default - [下载]:云文件变更,更新本地文件 3b0420b4253621a9185f906afedd078c.jpg
[2025-10-16T13:28:23.818] [INFO] default - Fjzto5jziH0JtYhUA2PmTiIl4JTt--FmWlNoTD7jkTZLvC4A2Hn_p841Pu
[2025-10-16T13:28:23.819] [INFO] default - [下载]:云文件变更,更新本地文件 3c9d6dc4fead837d4e65a2171a159e69.jpg
[2025-10-16T13:28:23.820] [INFO] default - FjEvTiQnDlRd_0koxoMeU-Gn3OG_--FogDUqHTLAHx8UAJ7qY5aHr0N4nV
[2025-10-16T13:28:23.820] [INFO] default - [下载]:云文件变更,更新本地文件 3d069a1d3c7629d6046d58df0ff5daac.jpg
[2025-10-16T13:28:23.821] [INFO] default - FhaXo_F6_VbFiVczN3POr3cVbf3p--FqrzPIUtltN9IeY6sUWdkfzPqBG7
[2025-10-16T13:28:23.821] [INFO] default - [下载]:云文件变更,更新本地文件 3df557046fd7f9dbd1b4977532db051c.png
[2025-10-16T13:28:23.822] [INFO] default - FhHdAgJNEdYzyGcM2sPrh_oAWjsd--FphEnri43SbKRbuC8ee6RM-Z7dix
[2025-10-16T13:28:23.822] [INFO] default - [下载]:云文件变更,更新本地文件 3eb09d77cc08122f47ed228cd0da466a.jpg
[2025-10-16T13:28:23.823] [INFO] default - FvuJ9b8zc1ia0ruYqIvPi1eaARp0--Fk75xLRREpBFc9hGinHWoGdK2ujY
[2025-10-16T13:28:23.823] [INFO] default - [下载]:云文件变更,更新本地文件 41638debbf6b353f52c3af017fd162d6.jpg
[2025-10-16T13:28:23.824] [INFO] default - FlhmEckkygyR45KvZaoG5CwiVTsM--Ft-9OpJeqY8s0WxlZ-SJuIdVniYo
[2025-10-16T13:28:23.825] [INFO] default - [下载]:云文件变更,更新本地文件 417204306115933088e0308784ea6c61.jpg
[2025-10-16T13:28:23.826] [INFO] default - Fp-4ZWQezHwh2mLBaPsfeMrhFUeC--FghjFhQKPjkYb_t8C3QsBngUGcql
[2025-10-16T13:28:23.826] [INFO] default - [下载]:云文件变更,更新本地文件 417368139208548d3dc585ed5bb390bc.jpg
[2025-10-16T13:28:23.828] [INFO] default - Fr4tiK22yIrp9GIBJHkCgI8Qlecx--FqFHtJdBMjZWoA5FrSCz5yZ__ezF
[2025-10-16T13:28:23.828] [INFO] default - [下载]:云文件变更,更新本地文件 42cc325a70cf6f4853f71d01822f5a84.png
[2025-10-16T13:28:23.829] [INFO] default - Fnno3cLKMo3iq4kQLFIV8Z1oJnwd--Fo0VyKhhnK6T-RWtRrf5qSjRHt9W
[2025-10-16T13:28:23.829] [INFO] default - [下载]:云文件变更,更新本地文件 4661c264e728eb8048f8cd330e0e56ec.jpg
[2025-10-16T13:28:23.830] [INFO] default - Fr_HcLdAVfLgw8R7BjdDcvv2lX6j--FmnVXjKhX4DWbQiUvw6nCPLQP05x
[2025-10-16T13:28:23.830] [INFO] default - [下载]:云文件变更,更新本地文件 46763532b26716391e408e3b8bcdb8b3.png
[2025-10-16T13:28:23.831] [INFO] default - FuZzq2rR1-aNGzKJmtBtWDPElQMR--FmeQhe82MG4w1HJgkwhIislNoL39
[2025-10-16T13:28:23.831] [INFO] default - [下载]:云文件变更,更新本地文件 472a8d421b8272236035ccb022823ca1.jpg
[2025-10-16T13:28:23.832] [INFO] default - FrqwqJeb3EiDiZnOoWsLImbmIBAn--FiRZGxjt-yz_Btp1fpNQ-zAmNf0m
[2025-10-16T13:28:23.833] [INFO] default - [下载]:云文件变更,更新本地文件 47e751d76663ff3f9ca5f770b6c67c96.jpg
[2025-10-16T13:28:23.833] [INFO] default - FvMMzAlDp9FI5LuBnmkirxsk78XK--FiUYxwfkdxp6S0Gv4-MongYc2bOs
[2025-10-16T13:28:23.833] [INFO] default - [下载]:云文件变更,更新本地文件 48d64e29a0671f6e256a21d0e4b37db4.jpg
[2025-10-16T13:28:23.834] [INFO] default - FoYzNfAnIRHK-51SOK1R997ZBfsZ--FmSHaypy4QhQ3V0v3GbF6CGbDvwR
[2025-10-16T13:28:23.834] [INFO] default - [下载]:云文件变更,更新本地文件 4d2cd9c3dde8f5a0dd68c49c771a0334.jpg
[2025-10-16T13:28:23.835] [INFO] default - FrUbEgZc2Fln13NSIqVX-4yPsZpu--FgQIsiLYNhV5EkazLKkJUifsp95s
[2025-10-16T13:28:23.835] [INFO] default - [下载]:云文件变更,更新本地文件 4f19c342782ebaa634346adaaa649330.jpg
[2025-10-16T13:28:23.836] [INFO] default - FvQnzkcheWQvPJVTw04bydimt4g_--FjUL8_nR8jIA0QCMPjEcLYA74HxW
[2025-10-16T13:28:23.836] [INFO] default - [下载]:云文件变更,更新本地文件 50ba38dbb608fcae50835f65c71b83fb.jpg
[2025-10-16T13:28:23.838] [INFO] default - FjQxOzPVsUB9HPdcPEDeiLNzgfeS--FijrJLzFmN7jvEXxRkoYEm0U1URe
[2025-10-16T13:28:23.838] [INFO] default - [下载]:云文件变更,更新本地文件 525845c68283c558a8e49387f0607efa.jpg
[2025-10-16T13:28:23.839] [INFO] default - FvZ1EbY9LJOTFwFkwU8PDUUOcYnF--FrV1tXhM4taVcwcDnR3bnv2NK63R
[2025-10-16T13:28:23.840] [INFO] default - [下载]:云文件变更,更新本地文件 54a21221b23f7ffbf3c35bc7822bee82.jpg
[2025-10-16T13:28:23.840] [INFO] default - FqbEzy5f4MD2O8g4FZ1GZGnfGSiu--Fs0f9fHwzVNYIVhpz2uS21Nc8soG
[2025-10-16T13:28:23.841] [INFO] default - [下载]:云文件变更,更新本地文件 54afc1c3a1baae65d6f6556161c8efb6.jpg
[2025-10-16T13:28:23.842] [INFO] default - FlkFqIeiYxDz-z0Sn4zH-ANsEeSr--FoOxUCpo7rZl4HzezWa2lRBHGEsv
[2025-10-16T13:28:23.842] [INFO] default - [下载]:云文件变更,更新本地文件 54d47f9c88c0915ebb603b29d896f873.jpg
[2025-10-16T13:28:23.844] [INFO] default - Fj8IXlUMzUGzj_qXgyrnO27Hf9vl--FlFZZV1BejfQDFWg0KxE3h-LCdZP
[2025-10-16T13:28:23.844] [INFO] default - [下载]:云文件变更,更新本地文件 55269d44efd3414202135f482e03cca8.jpg
[2025-10-16T13:28:23.845] [INFO] default - FmlnI5jF9Yvpvk2LO2b4zaRaMuE9--Fs2QARKmg2tYAQSnakFHVEIFBL40
[2025-10-16T13:28:23.845] [INFO] default - [下载]:云文件变更,更新本地文件 559f2d6cdc0498784f957065c3b27808.jpg
[2025-10-16T13:28:23.846] [INFO] default - FoCOEMe9aqTjMkx1DffU_XecLs_Y--FqTtcCIuvnrPpx4hcDUwRK04Ab6C
[2025-10-16T13:28:23.846] [INFO] default - [下载]:云文件变更,更新本地文件 56b9afe177aafa4e2e84f12e4885a209.jpg
[2025-10-16T13:28:23.847] [INFO] default - FtjLx2ND0BaqRgcMQrRdbMf7uVP6--FvPM7rlI2oKLWYbuopQcRt_Bfy3Q
[2025-10-16T13:28:23.847] [INFO] default - [下载]:云文件变更,更新本地文件 5a33a24039186786dc1c1bef6f379a6c.jpg
[2025-10-16T13:28:23.848] [INFO] default - FoZ16QtDMGNSoy7bM9A_T5S8S5m1--FoINWBt5IbQAsZ1PP0_eorvwE29Q
[2025-10-16T13:28:23.848] [INFO] default - [下载]:云文件变更,更新本地文件 5b3029e5ad0648f11366949205513b33.jpg
[2025-10-16T13:28:23.849] [INFO] default - FjFYzBBWC1LlN-LmfpsTklO_bDlu--FocUeDtA6f1y2gDbedkpdj4Ixy8h
[2025-10-16T13:28:23.849] [INFO] default - [下载]:云文件变更,更新本地文件 5c2e3b2b9364ccd379efd9af40165af9.jpg
[2025-10-16T13:28:23.850] [INFO] default - Fh7gmyX8iupGmCnMPXfZpHW2dEXs--Fq2Bm7H91rohfwG44WMt3J33KHM_
[2025-10-16T13:28:23.850] [INFO] default - [下载]:云文件变更,更新本地文件 5d12b98ede30f6e7bf3be19f00ccc10c.png
[2025-10-16T13:28:23.851] [INFO] default - FrgeWMnf04IW75IqgaH20tTpzEhh--FgFVLK6mS3EoPluGLyKp8FPDgrpY
[2025-10-16T13:28:23.851] [INFO] default - [下载]:云文件变更,更新本地文件 5d48f32cb74cc6ee27de724a73724472.png
[2025-10-16T13:28:23.852] [INFO] default - Fn_I4IDmhaVgrAF8TMYIGEqi8mBH--Fo0VyKhhnK6T-RWtRrf5qSjRHt9W
[2025-10-16T13:28:23.852] [INFO] default - [下载]:云文件变更,更新本地文件 5d4e39f9e6d6441deea5fbbc55d5290a.jpg
[2025-10-16T13:28:23.853] [INFO] default - FkLe2pULAPMWJrNyJuwxs8L7avu4--FgapGLAREG08K0JN7PjsfLYwL2qD
[2025-10-16T13:28:23.853] [INFO] default - [下载]:云文件变更,更新本地文件 5eaf42141a023a734f535e907f9c5595.jpg
[2025-10-16T13:28:23.854] [INFO] default - FpSWEfAi__BVGRL1lZIUEtlQ84qi--FrglGf54Ml-hzibRExe_Yud0XD1m
[2025-10-16T13:28:23.854] [INFO] default - [下载]:云文件变更,更新本地文件 603d4657fb2a2f99c89bdd37181c99e7.jpg
[2025-10-16T13:28:23.855] [INFO] default - FlnPtJvzYgxWfKmU-qTdk6sm9PZA--FpgllJdpBichSZAW4pvzGVybH2iV
[2025-10-16T13:28:23.855] [INFO] default - [下载]:云文件变更,更新本地文件 6171ce2ccda53218f4cc58fc09130cdf.jpg
[2025-10-16T13:28:23.857] [INFO] default - FoALo-odzEPPvIoJa9ic_QdMppDT--Fqc_yFx2YYXuE93_XCWTvUePNzHD
[2025-10-16T13:28:23.857] [INFO] default - [下载]:云文件变更,更新本地文件 61eff323d23f36cc2330c4f6c5f37a4f.png
[2025-10-16T13:28:23.859] [INFO] default - Fn57_1JS5pQFkH_sgcclHy0FODlE--Frfw5m9y4PDr4a1ekMZ5-695o_g1
[2025-10-16T13:28:23.859] [INFO] default - [下载]:云文件变更,更新本地文件 625355f5e59b9796414ccd29fd70af56.jpg
[2025-10-16T13:28:23.860] [INFO] default - Ft7XZamp8nzLF7RkKTys-fRxEpQH--FocUeDtA6f1y2gDbedkpdj4Ixy8h
[2025-10-16T13:28:23.860] [INFO] default - [下载]:云文件变更,更新本地文件 63ff0ae93b9ebebb3b65d64647f4a6ad.jpg
[2025-10-16T13:28:23.861] [INFO] default - FixyX2HmKw8AMZMCOGidVLgJRA_V--FkjGZZodLr6BslgP6oBq-ZBa7Xep
[2025-10-16T13:28:23.861] [INFO] default - [下载]:云文件变更,更新本地文件 664d227cf42f11236476db6b8146b4b7.jpg
[2025-10-16T13:28:23.862] [INFO] default - [不处理] 68f56952c26be480ef5383c001a1f795.jpeg
[2025-10-16T13:28:23.863] [INFO] default - FmcQ6vqafgCqaZiEKSA_gU6zAnzL--FrAfNxwv1IY5JvPs-9xkT80IT_Fu
[2025-10-16T13:28:23.863] [INFO] default - [下载]:云文件变更,更新本地文件 693c7e48045c980b9ddfad5619292b43.jpg
[2025-10-16T13:28:23.864] [INFO] default - FvE7LhEH19mOMvEydLSplGviKzMw--FhF6iIHnVAO6Ot09hmYpvutBipdz
[2025-10-16T13:28:23.864] [INFO] default - [下载]:云文件变更,更新本地文件 6a938e69ee7f9704c36731c31572e9c6.jpg
[2025-10-16T13:28:23.864] [INFO] default - FgaJesQrmwTJ8EtBAbXOwGVXsZOV--FueyaUVQCpB1br-Ijb8uuZ4Hhrc3
[2025-10-16T13:28:23.865] [INFO] default - [下载]:云文件变更,更新本地文件 6aebbfef0596b3782a69414f39cacc08.png
[2025-10-16T13:28:23.865] [INFO] default - FgkgDnoPdFHxmjZymrCZqAp5xg0Y--Flai6MEFe-9U9PZV5M5MqAPiRhmw
[2025-10-16T13:28:23.865] [INFO] default - [下载]:云文件变更,更新本地文件 6eb6518917fa5eef0c82575fc92b163b.png
[2025-10-16T13:28:23.866] [INFO] default - FhAlvG1h6EOVZkrK7htTPvkcnjFV--Fr3hS7clXXOvleKS4DBuDTMgFpV2
[2025-10-16T13:28:23.866] [INFO] default - [下载]:云文件变更,更新本地文件 7106af63525c9626af7f05e260666e59.png
[2025-10-16T13:28:23.867] [INFO] default - FnbahNH0B34dbu9ST0ZWUYp2aYYr--FubTruvRPLeklSoI50RFkvBZiQYi
[2025-10-16T13:28:23.867] [INFO] default - [下载]:云文件变更,更新本地文件 7305fc1b3badb32c224d77beca58051f.jpg
[2025-10-16T13:28:23.868] [INFO] default - Fl2emAUmg9s36R63OsQ4Frfh-_0j--Ft7my0g5H-WgWDDlKrgCsNFi0Hhl
[2025-10-16T13:28:23.868] [INFO] default - [下载]:云文件变更,更新本地文件 73424159b2e3af3dae5e0eb4e6bfa7ef.jpg
[2025-10-16T13:28:23.869] [INFO] default - FtHgIa0nOIeGSYjMGKvqcwBJDwJy--Fl89N2FwJJUmzBgBdwvsebO8qBnX
[2025-10-16T13:28:23.869] [INFO] default - [下载]:云文件变更,更新本地文件 739e8dac129c35c1b8c9e3a169a471f4.jpg
[2025-10-16T13:28:23.870] [INFO] default - Fs3PulKw5qP8F90tWBoOHstSVGiA--FtfRpQ-EihQ2adfNgWRLVXfn3zqu
[2025-10-16T13:28:23.870] [INFO] default - [下载]:云文件变更,更新本地文件 73ae5497007014b25d52732a1c2c2e53.png
[2025-10-16T13:28:23.871] [INFO] default - Fh6v4JW-El5uBxDHIG5ixWUwx8RO--FmfhH96uP_EMflR0eWggkZOuCKGB
[2025-10-16T13:28:23.871] [INFO] default - [下载]:云文件变更,更新本地文件 7587e9f8fbba54e2382ee8ade28df3d4.jpg
[2025-10-16T13:28:23.872] [INFO] default - [不处理] 75bfd0962e92fff2aacd6779f5ec9426.jpeg
[2025-10-16T13:28:23.873] [INFO] default - FiPcC5yqo26ZsvjCaNbebZNOVXR4--Fv8wNHfjmtPRI4PHz6PvHN5GU50J
[2025-10-16T13:28:23.873] [INFO] default - [下载]:云文件变更,更新本地文件 766a8df5bea19aebdb324ea2cd020866.jpg
[2025-10-16T13:28:23.875] [INFO] default - Fp_7PFYrMv3XadvzPVmQSgWHfG1t--Fo-fQkl3gD3ZAMKmGvgGFj79I_8O
[2025-10-16T13:28:23.875] [INFO] default - [下载]:云文件变更,更新本地文件 7707fccbff7ee950f06e3d8b5d1fa752.png
[2025-10-16T13:28:23.876] [INFO] default - FhDAqBg95xDW1bEvFJPHw1xrxxZI--FmiQY6Q4fOhZhsepW9jIp7ajpJX-
[2025-10-16T13:28:23.876] [INFO] default - [下载]:云文件变更,更新本地文件 786978355f36f220c48ce92efca382a2.jpg
[2025-10-16T13:28:23.877] [INFO] default - Fp_SFqwDTx3J3E9UXqDGMY_PC-JR--FjLDAW_8uIyMpkanmZoHCcSwlzei
[2025-10-16T13:28:23.877] [INFO] default - [下载]:云文件变更,更新本地文件 78dd152e242d2b358e1030a4f12873cd.jpg
[2025-10-16T13:28:23.878] [INFO] default - Fhcb-15u2C5EV0vbfGCfc_z77iKv--FiLBJ1mKyjNoulR2uePikWv43Pz-
[2025-10-16T13:28:23.878] [INFO] default - [下载]:云文件变更,更新本地文件 796b0feb6d2168c250390b97c6cc592b.jpg
[2025-10-16T13:28:23.879] [INFO] default - FqGtGIqMeA-RM5q0iVBmk703QORP--FiJsqTHDGI0AHuw5xhd9Lh7WpyOq
[2025-10-16T13:28:23.879] [INFO] default - [下载]:云文件变更,更新本地文件 79d1137466a7302f67d53433cca6af62.jpg
[2025-10-16T13:28:23.880] [INFO] default - FjnN2cv-NYWoiFH4LUUrR4RrL4Vq--Fi6a1d0zC1anHH5_e9UF4Lhnfr8t
[2025-10-16T13:28:23.880] [INFO] default - [下载]:云文件变更,更新本地文件 79e486bcd7690647b67396e64d9a012f.jpg
[2025-10-16T13:28:23.881] [INFO] default - Fg8qn9DpgcfJBurFe2xIf95nt--d--FpFZL5n69MpW2TWVldOndODslFkq
[2025-10-16T13:28:23.881] [INFO] default - [下载]:云文件变更,更新本地文件 7bc3b5f1a709372397c47f01bf9b6193.jpg
[2025-10-16T13:28:23.882] [INFO] default - FhKuKixj4zr5wtkpDFM1tW8Jgl86--Fg0qVGahUDZBzue-_KpiH5mPJB4r
[2025-10-16T13:28:23.882] [INFO] default - [下载]:云文件变更,更新本地文件 7c1b7bb9c2c4b5d43995751d6223670d.jpg
[2025-10-16T13:28:23.883] [INFO] default - FhR2a7YOukd-kufIVRmbJmkR5OiC--FogDUqHTLAHx8UAJ7qY5aHr0N4nV
[2025-10-16T13:28:23.883] [INFO] default - [下载]:云文件变更,更新本地文件 7d4e622590055b461ea667eaf4ca6abf.jpg
[2025-10-16T13:28:23.884] [INFO] default - Fgb3mMo3LeCDeUo8XHFjgGLBN5yr--FkM-3P4cgGNH7kw0eGXVPbRTx6kw
[2025-10-16T13:28:23.884] [INFO] default - [下载]:云文件变更,更新本地文件 7dbe536cff9ed205d584f22aa5dd88d5.jpg
[2025-10-16T13:28:23.884] [INFO] default - FvU_aXTruwIR_CC3a3zLiaz1PPo_--Fj44epEgX7MqySwg4V_nhZt8qdbb
[2025-10-16T13:28:23.884] [INFO] default - [下载]:云文件变更,更新本地文件 7dbe6eb78e7370e5f86cb74a7b38f076.jpg
[2025-10-16T13:28:23.885] [INFO] default - FpfZT9X-ZNSYIUYqFNoW4hhWCIF_--Fu15KOA6uznLYS6qbSj_41SdX3id
[2025-10-16T13:28:23.885] [INFO] default - [下载]:云文件变更,更新本地文件 7f77e3dbb4b1475cb594f7a5b406ce89.jpg
[2025-10-16T13:28:23.886] [INFO] default - Fmag3QbVQGedem1SY8ITJNWpRPiP--Fg0qVGahUDZBzue-_KpiH5mPJB4r
[2025-10-16T13:28:23.886] [INFO] default - [下载]:云文件变更,更新本地文件 8146893ba68b211bfaa74724af9f28d8.jpg
[2025-10-16T13:28:23.887] [INFO] default - FjJuwc7vDpx7MpYv_bN2V2r_Ilmn--FmfhH96uP_EMflR0eWggkZOuCKGB
[2025-10-16T13:28:23.887] [INFO] default - [下载]:云文件变更,更新本地文件 8267391d582a7930f3fa98360c9cb7f5.jpg
[2025-10-16T13:28:23.888] [INFO] default - FlpNkVkcx5inJPBhoi8kw3B1QIgV--Fie7jL-2pbWH5bfjmM-k6d00htVo
[2025-10-16T13:28:23.888] [INFO] default - [下载]:云文件变更,更新本地文件 844bd26bf58e70ff9e539e2ca3327928.jpg
[2025-10-16T13:28:23.889] [INFO] default - Flpuva-bB5faYeVd0h2ocjE7YoEj--Fs3KgDytat1BZPRD7h4C-34JgLQd
[2025-10-16T13:28:23.889] [INFO] default - [下载]:云文件变更,更新本地文件 8454a3c809b7ec40fad81ed672e21256.jpg
[2025-10-16T13:28:23.890] [INFO] default - FuTPfMua1hSZH1jFek-O5j38ofnN--FpRSa8pHnW_WSzJR8uBNsMc0XYok
[2025-10-16T13:28:23.890] [INFO] default - [下载]:云文件变更,更新本地文件 847914f918d9a7cf4452c1ad11cfba91.jpg
[2025-10-16T13:28:23.891] [INFO] default - FjEegUjIKeY2j5Zylu2SbFG_iXR7--FisGS3RRvRYAagjIHdfpxHKeUGQ2
[2025-10-16T13:28:23.891] [INFO] default - [下载]:云文件变更,更新本地文件 847b42d639155065f7c3d1e2cf5fbe82.jpg
[2025-10-16T13:28:23.892] [INFO] default - FrNQYr4poMWKvnHbRy_qdg64J7Ow--Fm8lIdLrfAeA2AOZIk5kJ_vh4ZgJ
[2025-10-16T13:28:23.893] [INFO] default - [下载]:云文件变更,更新本地文件 876171b2299c5677932e742a994fbeff.jpg
[2025-10-16T13:28:23.894] [INFO] default - Ft09ExXkicCyMnTD8zIOUCjrBEUN--Fnj--bUCyCT7bpejjivNoqM_84jv
[2025-10-16T13:28:23.894] [INFO] default - [下载]:云文件变更,更新本地文件 87794f83845cfc9db472849e07ca3062.jpg
[2025-10-16T13:28:23.895] [INFO] default - FroYGmv9Xb-qQ2cXKUW8Z0bT5klZ--FmLlSd8G4lleLqy4BIHXNmsySA-R
[2025-10-16T13:28:23.895] [INFO] default - [下载]:云文件变更,更新本地文件 8833a64a2ee1886e6d74ffc1bf9405d4.jpg
[2025-10-16T13:28:23.896] [INFO] default - FkpqDsPYRwUen0P4eMbQmi0-HEcW--FmgEIKwSfxzrzwMQwPUattxEq0JB
[2025-10-16T13:28:23.896] [INFO] default - [下载]:云文件变更,更新本地文件 8ab99d6086c0d3e167833c91dc903f3c.png
[2025-10-16T13:28:23.897] [INFO] default - FvcHZeywhEvSUFtJFa57iIrZD6gI--Fq0MDgsWcV9oxOnoK6rOXg863vJj
[2025-10-16T13:28:23.897] [INFO] default - [下载]:云文件变更,更新本地文件 906950ebe3bb2342d71b3d933b8f76a9.jpg
[2025-10-16T13:28:23.897] [INFO] default - Fga3l6cVOnpP-ENUnWp2GrpaaynE--FtekOp3cCnUM82E9fVhcN6oCthun
[2025-10-16T13:28:23.898] [INFO] default - [下载]:云文件变更,更新本地文件 9069a42f6cb79c83ecad9675d9a636b6.jpg
[2025-10-16T13:28:23.898] [INFO] default - FpSZMWvASGDijbjBuA5s8UdBAZGV--Fs2hxr0R5o2NzfqNe3hryL_WxR-K
[2025-10-16T13:28:23.898] [INFO] default - [下载]:云文件变更,更新本地文件 93275780ece557e2c3c41a97d619ca4d.jpg
[2025-10-16T13:28:23.899] [INFO] default - FqL-wCs1Em9JDI-kMmFR-SeoUhqz--FpABKpNwJi6qicSCwHDzlGpKwe6x
[2025-10-16T13:28:23.900] [INFO] default - [下载]:云文件变更,更新本地文件 93bbb3ec7f8bb7e55810f3469c4edb0c.jpg
[2025-10-16T13:28:23.901] [INFO] default - Foys89cmIcQ5_Nar4JaMUDiVE0hQ--Fmtyd5nReoJgPhdupiAjOKOV9vWT
[2025-10-16T13:28:23.901] [INFO] default - [下载]:云文件变更,更新本地文件 93c0430cfa8d771b7fdc11266b868b08.jpg
[2025-10-16T13:28:23.902] [INFO] default - FtVWxH-ghiMIsK66G4Us0TLGHXal--FiRZGxjt-yz_Btp1fpNQ-zAmNf0m
[2025-10-16T13:28:23.903] [INFO] default - [下载]:云文件变更,更新本地文件 98adf6a5bff2232465959ec686ba221a.jpg
[2025-10-16T13:28:23.904] [INFO] default - FgqV99p1yKb3mRvy3J4SKKY5Pdmg--FtEW7LMPdOaJhQc19tnwNRatwUiC
[2025-10-16T13:28:23.904] [INFO] default - [下载]:云文件变更,更新本地文件 994d486b130e28dca3fce42b7703ffee.jpg
[2025-10-16T13:28:23.904] [INFO] default - FikroWQcjmW--0eZSPx_MrcbEGZM--FhiEK18c67SRx4Rz4o5g6zmAGPcS
[2025-10-16T13:28:23.905] [INFO] default - [下载]:云文件变更,更新本地文件 9ae937fc02d4e18438f2e3ff1fc821b7.jpg
[2025-10-16T13:28:23.906] [INFO] default - FhjY1-xZDxGS4GoaFhmKpx837HFY--Frfw5m9y4PDr4a1ekMZ5-695o_g1
[2025-10-16T13:28:23.906] [INFO] default - [下载]:云文件变更,更新本地文件 9b284bb0ad20c3eed940b69daea2b34b.jpg
[2025-10-16T13:28:23.907] [INFO] default - FmScTpmA5mMcymTmjX8Pguu6m7vH--Fo6w8AzmSMljSt2-SsjPPvOdygo5
[2025-10-16T13:28:23.907] [INFO] default - [下载]:云文件变更,更新本地文件 9c320d1c460b1e3840523467de098fca.jpg
[2025-10-16T13:28:23.908] [INFO] default - Fl73hoX78d1TlQbibiWe06_4WYO2--Fh-ecjedvO_7hSYZSnd2lkkWQ58S
[2025-10-16T13:28:23.908] [INFO] default - [下载]:云文件变更,更新本地文件 9cd54c369c414646f6b85a676de9a911.jpg
[2025-10-16T13:28:23.909] [INFO] default - FgUelEHw7d0gTr5KMCIATYqVjUu8--FunXsbD3WTingZqGR102J5WjLCPa
[2025-10-16T13:28:23.909] [INFO] default - [下载]:云文件变更,更新本地文件 9d70cdb5ca21092c24e060906998f3bc.jpg
[2025-10-16T13:28:23.910] [INFO] default - Fl8nxcWBY9gBjyA_09V66gDobxOl--Fi6a1d0zC1anHH5_e9UF4Lhnfr8t
[2025-10-16T13:28:23.911] [INFO] default - [下载]:云文件变更,更新本地文件 9e28bc9ab16b3e24a2c090df5deea558.jpg
[2025-10-16T13:28:23.912] [INFO] default - [不处理] 9ef41d728972e7497091494ceb4d0832.jpeg
[2025-10-16T13:28:23.912] [INFO] default - Fry5NRfcsqXJMvt9rctuA5zoOx_P--FnNESf55NfmlLVHf7BSsjMnBHchY
[2025-10-16T13:28:23.912] [INFO] default - [下载]:云文件变更,更新本地文件 9efb794b351420d47c71b4d7bcfbe5fe.png
[2025-10-16T13:28:23.913] [INFO] default - Fu9PNXefz_b95W_kFiHqcMvqW9EA--Fjcs8OEcwSbthEV2q7Dz1xaJFZYT
[2025-10-16T13:28:23.913] [INFO] default - [下载]:云文件变更,更新本地文件 9ff05b5857e5af30fdc1cc5984039a75.jpg
[2025-10-16T13:28:23.913] [INFO] default - [删除]:云盘文件未对应本地文件 C:\Users\赵保路\Documents\GitHub\scrww-com\d\file\index.html
[2025-10-16T13:28:23.914] [INFO] default - FuxuYCqg64WTsoz2t080ldN_rOGh--FphEnri43SbKRbuC8ee6RM-Z7dix
[2025-10-16T13:28:23.914] [INFO] default - [下载]:云文件变更,更新本地文件 a0f4243eef4dd6f073732ef0ca67c5a8.jpg
[2025-10-16T13:28:23.915] [INFO] default - Frda_dHXwaXkMAPiOayBmQx_TVEB--Frd0hAmfWlohR7EJn-XM-3IYUH4P
[2025-10-16T13:28:23.916] [INFO] default - [下载]:云文件变更,更新本地文件 a167234dac43e347f59ce7de1adce3ea.png
[2025-10-16T13:28:23.917] [INFO] default - Fqu8His75Yb_LVMhmVnGQWzCUUEr--FnS8FZyzn31DvetjXr-F6I_2LK-Z
[2025-10-16T13:28:23.917] [INFO] default - [下载]:云文件变更,更新本地文件 a19dddd5f3f82a78f0b0c7a6fe7ce1c9.png
[2025-10-16T13:28:23.918] [INFO] default - FpVwdaKUTt-cpa7OAUHnz3bzj-UW--FplVSvrhupoaB6DUar12xCIuH3tG
[2025-10-16T13:28:23.918] [INFO] default - [下载]:云文件变更,更新本地文件 a60665951deb5a70dc7b502730d875f6.jpg
[2025-10-16T13:28:23.919] [INFO] default - FuHriWouzbJ-5rNRLldRYZuyJbji--FvD6DVSjR_RhL2eWt1ytRrb1TJDy
[2025-10-16T13:28:23.919] [INFO] default - [下载]:云文件变更,更新本地文件 a6807e8cc91df4a47f7287f55a17e138.jpg
[2025-10-16T13:28:23.919] [INFO] default - Fpby4vNF1ldNOx7RiIFpsQ4AQ-x8--Fj1mAZuLuvF3ZjYyhSYl_egtcImH
[2025-10-16T13:28:23.919] [INFO] default - [下载]:云文件变更,更新本地文件 a74db6397500cf33436bb92f6e42cd9f.png
[2025-10-16T13:28:23.920] [INFO] default - FqPF40baV4ekM0s3z5D7-yX5mwee--Fo-fQkl3gD3ZAMKmGvgGFj79I_8O
[2025-10-16T13:28:23.920] [INFO] default - [下载]:云文件变更,更新本地文件 a78a5bde9d52c796b04fc917a5c84ab9.png
[2025-10-16T13:28:23.921] [INFO] default - FuTz9QBLpkhAeGcPNcSuMYEsphKp--Ft6VX0tMwApuncanPTjJG94itTdn
[2025-10-16T13:28:23.922] [INFO] default - [下载]:云文件变更,更新本地文件 ab70a95279b0a8cdecd07cc836c1377a.jpg
[2025-10-16T13:28:23.923] [INFO] default - Fk1B13yDgbkzv3tnIog4gbiJM792--Fr_ohX0qMdHgAztTndi79FlTsPkx
[2025-10-16T13:28:23.923] [INFO] default - [下载]:云文件变更,更新本地文件 aef2284d141c4d4264e47e4f0f85d616.jpg
[2025-10-16T13:28:23.924] [INFO] default - Fs2RTeU08nIObW_N3JLh0jKYdMHi--Fk831T25CoY4OjOIyiByq29UiJcT
[2025-10-16T13:28:23.924] [INFO] default - [下载]:云文件变更,更新本地文件 b1830960a0a9ff4124d447f33be32ce6.jpg
[2025-10-16T13:28:23.925] [INFO] default - Fj7HsTEx7mPxU0F64Yy8uJ7nNrZr--FiF5T4-iyjPSqJqiB3gYYApJZA3R
[2025-10-16T13:28:23.925] [INFO] default - [下载]:云文件变更,更新本地文件 b190ee17dc390b661e08afef90c53298.jpg
[2025-10-16T13:28:23.926] [INFO] default - FsYoz20lAFfVv4WVOpvHoqECeKpF--Fjcs8OEcwSbthEV2q7Dz1xaJFZYT
[2025-10-16T13:28:23.926] [INFO] default - [下载]:云文件变更,更新本地文件 b1af5c2a30612d2bff4474fb53d1dd2e.jpg
[2025-10-16T13:28:23.927] [INFO] default - Fp-rySn32bFDXkbOKAbzP1vR7Mp7--FkVcKGeFm09jzzxa944j2dwRdKNJ
[2025-10-16T13:28:23.927] [INFO] default - [下载]:云文件变更,更新本地文件 b4ce0135f3a371261a8a6256d6274c0b.jpg
[2025-10-16T13:28:23.928] [INFO] default - FkeQUZKosx6rbGtAMe-y5HTV-XcV--Fqg9h5JIy9UYUAdQN_JSCjIZlTBc
[2025-10-16T13:28:23.928] [INFO] default - [下载]:云文件变更,更新本地文件 b8b24dd399d78f8bca9923a38ca9ea30.png
[2025-10-16T13:28:23.931] [INFO] default - [不处理] bafe9a3dd9fc3be25d936326b8dfcf37.png
[2025-10-16T13:28:23.932] [INFO] default - FitHCmA3u8HL-pf5Dn6AFKEUL4y_--Fi-HprilLBalGeiQXr5iYIEvRI8r
[2025-10-16T13:28:23.932] [INFO] default - [下载]:云文件变更,更新本地文件 be577d5f67295f600ab4ff5ba3dc692b.jpg
[2025-10-16T13:28:23.933] [INFO] default - FpDDUntdl-AzHfFZGQKIg7UE0fbr--FoY1ZqT86VCqRunaPO6eRK02-2pc
[2025-10-16T13:28:23.933] [INFO] default - [下载]:云文件变更,更新本地文件 bea176133c99446b3678e03d833a61dc.jpg
[2025-10-16T13:28:23.934] [INFO] default - Fhs1jr2Ruhk9A4aQ0Lj-0JjYhBvq--FnQI1MKABGqK4krIL9e6CfkAJjMP
[2025-10-16T13:28:23.934] [INFO] default - [下载]:云文件变更,更新本地文件 bf8a10ae459c90701897533a8a41b19d.jpg
[2025-10-16T13:28:23.935] [INFO] default - Fm1WKJhj4I-td-S_1b62fOB0-30z--Fq2Bm7H91rohfwG44WMt3J33KHM_
[2025-10-16T13:28:23.935] [INFO] default - [下载]:云文件变更,更新本地文件 c007f1fa1ee662f0904ef409912536b0.png
[2025-10-16T13:28:23.936] [INFO] default - Fq8DinETPKg0IC2QUxNjdrtX51XK--Fq3egaOGKhHNI42k8XuuAK86ioDF
[2025-10-16T13:28:23.936] [INFO] default - [下载]:云文件变更,更新本地文件 c0cc08f88a2865e33acf6a049e7bf59e.jpg
[2025-10-16T13:28:23.937] [INFO] default - FvX3ObITxzPD9-CIBtDDwcL_fdKh--Fm4Nu-GOaQNA7BMnD8Gn3pQ_y8NQ
[2025-10-16T13:28:23.937] [INFO] default - [下载]:云文件变更,更新本地文件 c253145ff4da00aa2d2ef9e36bd23ad3.jpg
[2025-10-16T13:28:23.938] [INFO] default - Frgjt7ZQm7wLRlC-UvpyWaKZaVZ8--FhF_ybUPv59JEBBssp48IlUtEvi5
[2025-10-16T13:28:23.938] [INFO] default - [下载]:云文件变更,更新本地文件 c2546f76a4fdf671d74d26132055f4f5.jpg
[2025-10-16T13:28:23.939] [INFO] default - Fm1uVu3SBxCkhbl77MdLZPdIUxH_--FtjDrRis28rVZECp8Mndljvp4H2I
[2025-10-16T13:28:23.940] [INFO] default - [下载]:云文件变更,更新本地文件 c49a5609e7bbde5c04ebb0870a2a1608.jpg
[2025-10-16T13:28:23.941] [INFO] default - FtedC08wPHtNYmf6fkv53gvqMDGf--FhvzlVCFKxM5OVWp7DQloj6Zhgik
[2025-10-16T13:28:23.942] [INFO] default - [下载]:云文件变更,更新本地文件 c4a39992db818f494b4aed081c7067fc.jpg
[2025-10-16T13:28:23.943] [INFO] default - FqaaBErrR_XS1GfSXoktmD4t3NDR--Fs3KgDytat1BZPRD7h4C-34JgLQd
[2025-10-16T13:28:23.943] [INFO] default - [下载]:云文件变更,更新本地文件 c51041f0405de6b1df51c7e8dd39797b.jpg
[2025-10-16T13:28:23.943] [INFO] default - FjvC5MnuUMb5FkexsuwE95Zabh_m--Fi4Sa4554yVtd1iGtMiFvtQUAPl-
[2025-10-16T13:28:23.944] [INFO] default - [下载]:云文件变更,更新本地文件 c5ee578929b2a00f24c71f05f4bb4e38.jpg
[2025-10-16T13:28:23.944] [INFO] default - FhWL9lyhVXcq57Ju1GfJxulrmubN--Fr3hS7clXXOvleKS4DBuDTMgFpV2
[2025-10-16T13:28:23.945] [INFO] default - [下载]:云文件变更,更新本地文件 c8f10b52c8f611d02f12013ceb38f699.png
[2025-10-16T13:28:23.946] [INFO] default - [不处理] ca49d3486994d9053cde7b1ff0484c47.jpeg
[2025-10-16T13:28:23.947] [INFO] default - FthPTlFPDiQnJ3_udUfKusFzekxb--FrJh7nZXRXO1h8cByvCgVYaWmqV1
[2025-10-16T13:28:23.947] [INFO] default - [下载]:云文件变更,更新本地文件 cb39bb7891a36f800b3bf95e1d420a0f.png
[2025-10-16T13:28:23.948] [INFO] default - FmG7MPyVLSPQcFV2Um4OomGmEETf--FiKvSlI6dEMvqme5DbVVqcJfEV3z
[2025-10-16T13:28:23.948] [INFO] default - [下载]:云文件变更,更新本地文件 cb79d5c0fb615cafb4e331f03a026ed7.jpg
[2025-10-16T13:28:23.948] [INFO] default - FgnhIuMrlWI0yKwHyqMo_gMmgbJL--FpbWRMQmjqHUadvT0KjLy35L5r4e
[2025-10-16T13:28:23.948] [INFO] default - [下载]:云文件变更,更新本地文件 cc9e7cd2c5e298724d0b56c44284ad5b.jpg
[2025-10-16T13:28:23.949] [INFO] default - Fmd5-TTyMDQk06mcM8wd1I-PjWPa--FkjGZZodLr6BslgP6oBq-ZBa7Xep
[2025-10-16T13:28:23.949] [INFO] default - [下载]:云文件变更,更新本地文件 cf70f98fb99d1d703cdf9e09f935767e.jpg
[2025-10-16T13:28:23.950] [INFO] default - FncdFYrJrEK_X0GfTenl4I0DaKZj--FgjQ3Xhqdv8iBQCXL7s6-GrlpcDw
[2025-10-16T13:28:23.950] [INFO] default - [下载]:云文件变更,更新本地文件 d16cb7b3b0ec6abe871d44b0b75f8be5.jpg
[2025-10-16T13:28:23.951] [INFO] default - FmytU31b5DkeylximQLVU93w56mC--FuhHy3bkgdQkG66MusfrpyjMUvv6
[2025-10-16T13:28:23.951] [INFO] default - [下载]:云文件变更,更新本地文件 d230722ceeeb25f1c3fd9d20fc1d6e63.jpg
[2025-10-16T13:28:23.952] [INFO] default - FiCCX7lMVn9I5h-LbKC1yyJgsqzW--FgP4wYLv-Ezq8-iz7FBgo6zjRwms
[2025-10-16T13:28:23.952] [INFO] default - [下载]:云文件变更,更新本地文件 d38bd1acc2f1bb0dd80676be8ed4c65b.jpg
[2025-10-16T13:28:23.953] [INFO] default - Fv5c0jE6eZTb_b8POzKShYObLE0y--Ft2yFkfGPG3NMhQUAv5kIggLc9up
[2025-10-16T13:28:23.953] [INFO] default - [下载]:云文件变更,更新本地文件 d5f995c9e9ed4c1b1c00480d65b69de2.jpg
[2025-10-16T13:28:23.954] [INFO] default - Fq2FzRPQuvvEKN2K2S9JZTD2eOvl--Fg4OVlecZ1ma_hdXbelxE1-hV8f7
[2025-10-16T13:28:23.954] [INFO] default - [下载]:云文件变更,更新本地文件 d6e0325a462fad3121ceaaa6edbc6c78.jpg
[2025-10-16T13:28:23.955] [INFO] default - Fgced5AUVVcT-7-0iBjn2r84lbVm--Fnxw7fdR9iMX9NaWFlkbzZTV9zl3
[2025-10-16T13:28:23.955] [INFO] default - [下载]:云文件变更,更新本地文件 d72c5f1ff27ecd858b066e204db429f9.jpg
[2025-10-16T13:28:23.956] [INFO] default - Ftev7vG4LWx-q9vzCfzMyXzamIAm--Fs0f9fHwzVNYIVhpz2uS21Nc8soG
[2025-10-16T13:28:23.956] [INFO] default - [下载]:云文件变更,更新本地文件 d75bf26b24f5b5b3ee0e0adcdaa2b873.jpg
[2025-10-16T13:28:23.958] [INFO] default - FvLEKTsIsGx_Qt5tFkadHmf8cl4Y--FrJh7nZXRXO1h8cByvCgVYaWmqV1
[2025-10-16T13:28:23.958] [INFO] default - [下载]:云文件变更,更新本地文件 d93c4e064745bd28413c43c12ea30835.png
[2025-10-16T13:28:23.959] [INFO] default - Fp27EAszzjb8wvr4qRgrbHXnUqHw--FqrzPIUtltN9IeY6sUWdkfzPqBG7
[2025-10-16T13:28:23.959] [INFO] default - [下载]:云文件变更,更新本地文件 d95f7075acfa2c62bf77dae4dd9d5a68.png
[2025-10-16T13:28:23.960] [INFO] default - FhiQin2O8c1lc36B9Cc5vZjUhbNt--Fg6FwA04bCYsDCR5NAekpJQvReT4
[2025-10-16T13:28:23.960] [INFO] default - [下载]:云文件变更,更新本地文件 da1ed5ac105651cb072f5d1f0b57ab41.jpg
[2025-10-16T13:28:23.961] [INFO] default - Fm5PfStj_e4nOiEozyAM23HQiCRk--Fp5M9RgbLxi9HJyjkhjg4BqI_2AD
[2025-10-16T13:28:23.961] [INFO] default - [下载]:云文件变更,更新本地文件 dafcdd67d883a62ae9a2820a9058edd0.jpg
[2025-10-16T13:28:23.962] [INFO] default - FmmL2D83uVIMK2w3dHiF_tecg-9P--FknYXiFmjliytO3aulYiugyMHM4r
[2025-10-16T13:28:23.962] [INFO] default - [下载]:云文件变更,更新本地文件 db5ed743020d6e7ffac2dc230ea46ab7.jpg
[2025-10-16T13:28:23.963] [INFO] default - FtnluXN6QbLa1rT3MerxNra0vgSf--FmLlSd8G4lleLqy4BIHXNmsySA-R
[2025-10-16T13:28:23.963] [INFO] default - [下载]:云文件变更,更新本地文件 dba68e571cfca611ffc46dd73ccffec4.jpg
[2025-10-16T13:28:23.964] [INFO] default - FsLfZgCy3eCUcVBMSirOgBlxkyzB--Fqc_yFx2YYXuE93_XCWTvUePNzHD
[2025-10-16T13:28:23.964] [INFO] default - [下载]:云文件变更,更新本地文件 dcd2362f5aa59347bae2a30cd7da442b.png
[2025-10-16T13:28:23.965] [INFO] default - FhLR8soyGo6xvgXxYRMNrr-FSq5r--FuLahjAMR7EG7Xewyy69W6_buJdd
[2025-10-16T13:28:23.966] [INFO] default - [下载]:云文件变更,更新本地文件 dd6649e204966e747f2bf176750df2de.jpg
[2025-10-16T13:28:23.966] [INFO] default - Fmkj3_UqSJYo5wYFvAhFfavhyvoO--FqjP146x83i8tigrhQlSLgtVB7mJ
[2025-10-16T13:28:23.967] [INFO] default - [下载]:云文件变更,更新本地文件 de67767d2d8d1c812ec7eb71844a15e1.jpg
[2025-10-16T13:28:23.967] [INFO] default - Fp8xRYPvYHZ8YpnkAGtoyNAPNCTu--FnU3ZT7wA9YjcakDbjUCArcdMSXk
[2025-10-16T13:28:23.967] [INFO] default - [下载]:云文件变更,更新本地文件 df19b506e3742dfaedc87edca3034e72.png
[2025-10-16T13:28:23.968] [INFO] default - Fm53xwiQEVqk1WPequ0833nOLORG--FhvzlVCFKxM5OVWp7DQloj6Zhgik
[2025-10-16T13:28:23.969] [INFO] default - [下载]:云文件变更,更新本地文件 df97f2d4bdb9e47d3a4d273eb54e5d33.jpg
[2025-10-16T13:28:23.970] [INFO] default - Fli_rOTbrOnwj0ciSNSkmisGbDqh--Fo6w8AzmSMljSt2-SsjPPvOdygo5
[2025-10-16T13:28:23.970] [INFO] default - [下载]:云文件变更,更新本地文件 e0b7128a3c74211210b47c47ebdf04a5.jpg
[2025-10-16T13:28:23.970] [INFO] default - FtXE2y9ms1qb1PrOCIKwL4aW-ruV--FiuJHbvT6CgV1ALVQX9Nechg46I2
[2025-10-16T13:28:23.971] [INFO] default - [下载]:云文件变更,更新本地文件 e0c7d6b3677eae878c703531a7f98137.jpg
[2025-10-16T13:28:23.971] [INFO] default - Fu4zfSUvRR7d6W1WgNlH84ssSZsx--Fio9yvI_JX-2PI75lcv_VOht2oZQ
[2025-10-16T13:28:23.971] [INFO] default - [下载]:云文件变更,更新本地文件 e26cbbdff281d5005b48cd5d9cedea3c.jpg
[2025-10-16T13:28:23.972] [INFO] default - Fs1tgL_ftXcLe8nwj4S-qaU0KM1c--FqUxspg-zOKEimEXRAljZOGmWtyx
[2025-10-16T13:28:23.972] [INFO] default - [下载]:云文件变更,更新本地文件 e609b49038c3abe9ae2226601124567f.jpg
[2025-10-16T13:28:23.976] [INFO] default - FtxQ8NQG4jaOnzHu48r98IHUDhy1--FvEkEvwRMtuioe2A3zW68ZIFee7s
[2025-10-16T13:28:23.976] [INFO] default - [下载]:云文件变更,更新本地文件 e6b6541405488f2e43fbbd3fe180ce7a.jpg
[2025-10-16T13:28:23.977] [INFO] default - FuiQrSCXZJkLoMmAxwNUhj5dvK1H--FgP4wYLv-Ezq8-iz7FBgo6zjRwms
[2025-10-16T13:28:23.977] [INFO] default - [下载]:云文件变更,更新本地文件 e73a0af87417b4620cbff1f83c7f55a9.jpg
[2025-10-16T13:28:23.978] [INFO] default - FgwE08acvjnVqXYt1rJSbw7vk12m--FhF6iIHnVAO6Ot09hmYpvutBipdz
[2025-10-16T13:28:23.978] [INFO] default - [下载]:云文件变更,更新本地文件 e76accb7a411196977f7190edc6d579b.jpg
[2025-10-16T13:28:23.979] [INFO] default - FlLXAJMJWc6Ioslg009ysFrIK7p7--FiJsqTHDGI0AHuw5xhd9Lh7WpyOq
[2025-10-16T13:28:23.979] [INFO] default - [下载]:云文件变更,更新本地文件 e82add445a5bfc281cb676cbcbef3206.jpg
[2025-10-16T13:28:23.980] [INFO] default - FuqEKNDRF-dANjJKnqk4JmZIVbe1--FosPEFLbdE1Wi5RkXHdUk7ZImVnx
[2025-10-16T13:28:23.980] [INFO] default - [下载]:云文件变更,更新本地文件 e9984313590806611a4df0405aa1da65.jpg
[2025-10-16T13:28:23.981] [INFO] default - FqBUXtS1tV3LZld3xT7-CTUHwtv3--FvEkEvwRMtuioe2A3zW68ZIFee7s
[2025-10-16T13:28:23.981] [INFO] default - [下载]:云文件变更,更新本地文件 e99f5c1a8c51db0c8a479b5b1c1a242c.jpg
[2025-10-16T13:28:23.982] [INFO] default - FprkXmgS0Uxy5JWTDqdE0zzfdOnL--FgQIsiLYNhV5EkazLKkJUifsp95s
[2025-10-16T13:28:23.982] [INFO] default - [下载]:云文件变更,更新本地文件 e99ff7665604aa18b652db95e2bdb8ce.jpg
[2025-10-16T13:28:23.983] [INFO] default - FgjXQlyXUYhTn4LjR7KCi2CW5ZQn--FkbBr9Wer5bFtpNQxMqTBTp8mnwf
[2025-10-16T13:28:23.983] [INFO] default - [下载]:云文件变更,更新本地文件 e9bf5bc537213a89aa0ffb61a3ffb01c.jpg
[2025-10-16T13:28:23.983] [INFO] default - FmfaOyPlW5LO78W8clpgBxjETjcA--Fk831T25CoY4OjOIyiByq29UiJcT
[2025-10-16T13:28:23.984] [INFO] default - [下载]:云文件变更,更新本地文件 e9ecaf02b32bd7719f6ad0aa1eac1cd0.jpg
[2025-10-16T13:28:23.985] [INFO] default - Fk9vZakJtqa7Yvo4PMmY8Vd-C-M6--FpFZL5n69MpW2TWVldOndODslFkq
[2025-10-16T13:28:23.985] [INFO] default - [下载]:云文件变更,更新本地文件 ea3a48b50461cd57266d4074027494f8.jpg
[2025-10-16T13:28:23.986] [INFO] default - Fo-kOx2x1qT04YWJ6511p9vqb_Zf--Fk31bzo6bK1sFwm--QLd3O4sdfEK
[2025-10-16T13:28:23.986] [INFO] default - [下载]:云文件变更,更新本地文件 eaa2067b066169cb5f73f9ebb78ef56e.jpg
[2025-10-16T13:28:23.987] [INFO] default - FgBdE-ViTbGHh8cxW6oTfjzXse32--Fvy2H49eifMAh6uSaaLOaza7De79
[2025-10-16T13:28:23.988] [INFO] default - [下载]:云文件变更,更新本地文件 eaf4cea200e46187ab6f9d61a6adf40c.jpg
[2025-10-16T13:28:23.988] [INFO] default - Fip9LMvRmlnzf6j4vqvPgWmf5KyU--Fi4Sa4554yVtd1iGtMiFvtQUAPl-
[2025-10-16T13:28:23.988] [INFO] default - [下载]:云文件变更,更新本地文件 eca116315ce6f188cd665a2c2eb3debb.jpg
[2025-10-16T13:28:23.989] [INFO] default - FimadfB3kp8oOkYqdpbhNAxmVxqp--FpyOxJObkpE8Tsd4EoPbh-8Hwl26
[2025-10-16T13:28:23.989] [INFO] default - [下载]:云文件变更,更新本地文件 f12baa354cf08ae060448324f9245109.jpg
[2025-10-16T13:28:23.990] [INFO] default - FlG-FVW-ASdJn9-J1hqrC8wKIqIx--FlTmMNRP5dW7SIKrydT-e0H2I2Gq
[2025-10-16T13:28:23.991] [INFO] default - [下载]:云文件变更,更新本地文件 f31c5026466fe915c988c82e635d097b.png
[2025-10-16T13:28:23.992] [INFO] default - [不处理] f35d623cfd91bf6f3696a2bf287212b1.jpeg
[2025-10-16T13:28:23.993] [INFO] default - FmcK7yzNPPX9Qrf42XL7w7fh4q-8--Fv2Ty_DfjhEChkcEW2lMWcwYlCXS
[2025-10-16T13:28:23.993] [INFO] default - [下载]:云文件变更,更新本地文件 f3ad9dfc1eeeb0e324e5b2ad2c0a0a1f.jpg
[2025-10-16T13:28:23.994] [INFO] default - FgmDxxghQXQyOFqxQ40XWZVVdV2D--Fg6FwA04bCYsDCR5NAekpJQvReT4
[2025-10-16T13:28:23.994] [INFO] default - [下载]:云文件变更,更新本地文件 f3bfc0bb64d2266136aa40bb61a81d68.jpg
[2025-10-16T13:28:23.995] [INFO] default - Fl-ZLqqv1Y3z1yzyb8I1pfFWKhmq--FpbWRMQmjqHUadvT0KjLy35L5r4e
[2025-10-16T13:28:23.995] [INFO] default - [下载]:云文件变更,更新本地文件 f3e1c9dff77b11e3939b5fec8c49fd19.jpg
[2025-10-16T13:28:23.995] [INFO] default - FgCHvU1y2MIA_8FB8SDlA7sOfFRy--FiF5T4-iyjPSqJqiB3gYYApJZA3R
[2025-10-16T13:28:23.996] [INFO] default - [下载]:云文件变更,更新本地文件 f4696c23364fa9502d23aeb25f16e2a8.jpg
[2025-10-16T13:28:23.997] [INFO] default - FvMydqZCbnqL28jU4hoiBqwb94ff--Fi-HprilLBalGeiQXr5iYIEvRI8r
[2025-10-16T13:28:23.997] [INFO] default - [下载]:云文件变更,更新本地文件 f47522fa90cd8ec2891622395e2b794c.jpg
[2025-10-16T13:28:23.997] [INFO] default - FsV-oNS_PRhkBf4m0KvwYt9v4dJX--FplVSvrhupoaB6DUar12xCIuH3tG
[2025-10-16T13:28:23.997] [INFO] default - [下载]:云文件变更,更新本地文件 f4c920670232265d895679980cb68870.jpg
[2025-10-16T13:28:23.998] [INFO] default - FopX4WNyiuWqb63xDeLX9eVXMtSR--FlXtqWWnwKGr-ATHajWynabVyVsM
[2025-10-16T13:28:23.998] [INFO] default - [下载]:云文件变更,更新本地文件 f6cf9713cd8276bf5cb01e248ea60130.jpg
[2025-10-16T13:28:24.000] [INFO] default - FtIBI0g1W_LThdNQ73_d3Fnb0ugC--FthiIbKjBrXCvwWiR8MKE1pLUu8V
[2025-10-16T13:28:24.000] [INFO] default - [下载]:云文件变更,更新本地文件 f8fd9643f34a66a1e41a7edf6f828da6.png
[2025-10-16T13:28:24.001] [INFO] default - FpDOrY2F03DYDuFedpj4wPfk5RWZ--Fs2hxr0R5o2NzfqNe3hryL_WxR-K
[2025-10-16T13:28:24.001] [INFO] default - [下载]:云文件变更,更新本地文件 f8feb8e9737406b4eb5d580d8c403f90.jpg
[2025-10-16T13:28:24.002] [INFO] default - Fs98lVpood5IpMnWWts36lZrR8uR--FisGS3RRvRYAagjIHdfpxHKeUGQ2
[2025-10-16T13:28:24.003] [INFO] default - [下载]:云文件变更,更新本地文件 f93bfa8e9bc7cf8cacc6c308e35f449a.jpg
[2025-10-16T13:28:24.003] [INFO] default - FrNXRJCQTOjM_49G9afjHp0cqiCf--Fj44epEgX7MqySwg4V_nhZt8qdbb
[2025-10-16T13:28:24.003] [INFO] default - [下载]:云文件变更,更新本地文件 fa233230572fdf50a5581af375334a01.jpg
[2025-10-16T13:28:24.004] [INFO] default - Fntwv2ub0AcrBYF9lmmG54Q4QGqJ--Fh_GBAos3rQWGwzZE9S-CUZ5LPNc
[2025-10-16T13:28:24.004] [INFO] default - [下载]:云文件变更,更新本地文件 fb97468f17b9a11486cb3906150c8e47.png
[2025-10-16T13:28:24.005] [INFO] default - FnCcfVAWDIUcqso4RDOvlHzyIO5o--Fhq6L3HdhwbhqEKb67aNwdVLWq7j
[2025-10-16T13:28:24.005] [INFO] default - [下载]:云文件变更,更新本地文件 fcb65b556b428fea7a3b685971c015e5.jpg
[2025-10-16T13:28:24.006] [INFO] default - FvKZDgdMD6t4e3dINK8Kb371LzA3--FiMCYO06pYF4C9PR26vqhsDR58UN
[2025-10-16T13:28:24.006] [INFO] default - [下载]:云文件变更,更新本地文件 fcc9423c5026cc07165a0e350d9f0390.jpg
[2025-10-16T13:28:24.007] [INFO] default - FvBAvCCSJiuFuDrjAOFylJeu6Tkx--FtjDrRis28rVZECp8Mndljvp4H2I
[2025-10-16T13:28:24.007] [INFO] default - [下载]:云文件变更,更新本地文件 fd6da46b6963ac30e44ad0e5f88cc2fe.jpg
[2025-10-16T13:28:24.008] [INFO] default - Fmc7l-8MTrixg5kwoGaMeBgnP007--Fq0MDgsWcV9oxOnoK6rOXg863vJj
[2025-10-16T13:28:24.009] [INFO] default - [下载]:云文件变更,更新本地文件 fdbbbbe3db9660f9fd63f9dc2fb98d44.jpg
[2025-10-16T13:28:24.009] [INFO] default - FhW9qthWwc1Lce7vJ7o39cXeGhEQ--FktCN5SyFGS3HyA_ojnQFgTvEmey
[2025-10-16T13:28:24.010] [INFO] default - [下载]:云文件变更,更新本地文件 ffeb4d5ee82d25bdd584a3b8dc2148bd.jpg
[2025-10-16T13:28:24.011] [INFO] default - FhJGsCO-JVKF_5GGvkmCsPVvJMbR--Fn7nN8g-5onJbvN9OgKQaMOQ68j4
[2025-10-16T13:28:24.011] [INFO] default - [下载]:云文件变更,更新本地文件 index.html
[2025-10-16T13:28:24.012] [INFO] default - [不处理] p/index.html
[2025-10-16T13:28:24.012] [INFO] default - local ----> cloud
[2025-10-16T13:28:24.030] [INFO] default - [上传]:云文件不存在 D:\wwwroot\118-scrww\d\file\1-2201111I31L45.jpg
[2025-10-16T13:28:24.030] [INFO] default - [上传]:云文件不存在 D:\wwwroot\118-scrww\d\file\38d5487b631ef0d8f57c6a47e7bb6796.jpg
[2025-10-16T13:28:24.032] [INFO] default - 文件夹同步 end
